app/build/intermediates/manifest_merge_blame_file/debug/manifest-merger-blame-debug-report.txt
1<?xml version="1.0" encoding="utf-8"?>
2<manifest xmlns:android="http://schemas.android.com/apk/res/android"
3    package="com.macamp.complaint"
4    android:versionCode="1"
5    android:versionName="1.0" >
6
7    <uses-sdk
8        android:minSdkVersion="23"
8-->src/main/AndroidManifest.xml
9        android:targetSdkVersion="31" />
9-->src/main/AndroidManifest.xml
10
11    <uses-permission android:name="android.permission.INTERNET" />
11-->src/main/AndroidManifest.xml:6:5-67
11-->src/main/AndroidManifest.xml:6:22-64
12    <uses-permission android:name="android.permission.QUERY_ALL_PACKAGES" />
12-->src/main/AndroidManifest.xml:7:5-119
12-->src/main/AndroidManifest.xml:7:22-74
13
14    <queries>
14-->[com.github.dhaval2404:imagepicker:2.1] AndroidManifest.xml:9:5-19:15
15
16        <!-- Query Camera Packages -->
17        <intent>
17-->[com.github.dhaval2404:imagepicker:2.1] AndroidManifest.xml:12:9-14:18
18            <action android:name="android.media.action.IMAGE_CAPTURE" />
18-->[com.github.dhaval2404:imagepicker:2.1] AndroidManifest.xml:13:13-73
18-->[com.github.dhaval2404:imagepicker:2.1] AndroidManifest.xml:13:21-70
19        </intent>
20        <!-- Query Open Document -->
21        <intent>
21-->[com.github.dhaval2404:imagepicker:2.1] AndroidManifest.xml:16:9-18:18
22            <action android:name="android.intent.action.OPEN_DOCUMENT_TREE" />
22-->[com.github.dhaval2404:imagepicker:2.1] AndroidManifest.xml:17:13-79
22-->[com.github.dhaval2404:imagepicker:2.1] AndroidManifest.xml:17:21-76
23        </intent>
24    </queries>
25
26    <uses-permission android:name="android.permission.ACCESS_NETWORK_STATE" />
26-->[com.google.firebase:firebase-messaging:23.0.0] AndroidManifest.xml:22:5-79
26-->[com.google.firebase:firebase-messaging:23.0.0] AndroidManifest.xml:22:22-76
27    <uses-permission android:name="android.permission.WAKE_LOCK" /> <!-- Required by older versions of Google Play services to create IID tokens -->
27-->[com.google.firebase:firebase-messaging:23.0.0] AndroidManifest.xml:23:5-68
27-->[com.google.firebase:firebase-messaging:23.0.0] AndroidManifest.xml:23:22-65
28    <uses-permission android:name="com.google.android.c2dm.permission.RECEIVE" />
28-->[com.google.firebase:firebase-messaging:23.0.0] AndroidManifest.xml:25:5-82
28-->[com.google.firebase:firebase-messaging:23.0.0] AndroidManifest.xml:25:22-79
29
30    <application
30-->src/main/AndroidManifest.xml:8:5-62:19
31        android:name="com.macamp.complaint.CSApp"
31-->src/main/AndroidManifest.xml:9:9-30
32        android:allowBackup="true"
32-->src/main/AndroidManifest.xml:10:9-35
33        android:appComponentFactory="androidx.core.app.CoreComponentFactory"
33-->[androidx.core:core:1.7.0] AndroidManifest.xml:24:18-86
34        android:debuggable="true"
35        android:extractNativeLibs="false"
36        android:icon="@mipmap/ic_launcher"
36-->src/main/AndroidManifest.xml:11:9-43
37        android:label="@string/app_name"
37-->src/main/AndroidManifest.xml:12:9-41
38        android:roundIcon="@mipmap/ic_launcher_round"
38-->src/main/AndroidManifest.xml:13:9-54
39        android:supportsRtl="true"
39-->src/main/AndroidManifest.xml:14:9-35
40        android:theme="@style/Theme.Complaint"
40-->src/main/AndroidManifest.xml:15:9-47
41        android:usesCleartextTraffic="true" >
41-->src/main/AndroidManifest.xml:16:9-44
42        <service
42-->src/main/AndroidManifest.xml:18:9-25:19
43            android:name="com.macamp.complaint.data.MyFirebaseMessagingService"
43-->src/main/AndroidManifest.xml:19:13-60
44            android:enabled="true"
44-->src/main/AndroidManifest.xml:20:13-35
45            android:exported="false" >
45-->src/main/AndroidManifest.xml:21:13-37
46            <intent-filter android:priority="1" >
46-->src/main/AndroidManifest.xml:22:13-24:29
46-->src/main/AndroidManifest.xml:22:28-48
47                <action android:name="com.google.firebase.MESSAGING_EVENT" />
47-->src/main/AndroidManifest.xml:23:17-78
47-->src/main/AndroidManifest.xml:23:25-75
48            </intent-filter>
49        </service>
50
51        <meta-data
51-->src/main/AndroidManifest.xml:27:9-29:49
52            android:name="com.google.firebase.messaging.default_notification_icon"
52-->src/main/AndroidManifest.xml:28:13-83
53            android:resource="@drawable/logo" />
53-->src/main/AndroidManifest.xml:29:13-46
54        <meta-data
54-->src/main/AndroidManifest.xml:30:9-32:52
55            android:name="com.google.firebase.messaging.default_notification_color"
55-->src/main/AndroidManifest.xml:31:13-84
56            android:resource="@color/lightGreen" />
56-->src/main/AndroidManifest.xml:32:13-49
57
58        <activity
58-->src/main/AndroidManifest.xml:34:9-36:40
59            android:name="com.macamp.complaint.ui.activities.PendingActivity"
59-->src/main/AndroidManifest.xml:35:13-58
60            android:exported="false" />
60-->src/main/AndroidManifest.xml:36:13-37
61        <activity
61-->src/main/AndroidManifest.xml:37:9-42:66
62            android:name="com.macamp.complaint.ui.activities.MainActivity"
62-->src/main/AndroidManifest.xml:38:13-55
63            android:configChanges="locale|orientation"
63-->src/main/AndroidManifest.xml:41:13-55
64            android:exported="true"
64-->src/main/AndroidManifest.xml:39:13-36
65            android:launchMode="singleTop"
65-->src/main/AndroidManifest.xml:40:13-43
66            android:theme="@style/Theme.Complaint.NoActionBar" />
66-->src/main/AndroidManifest.xml:42:13-63
67        <activity
67-->src/main/AndroidManifest.xml:43:9-52:20
68            android:name="com.macamp.complaint.ui.activities.LauncherActivity"
68-->src/main/AndroidManifest.xml:44:13-59
69            android:exported="true"
69-->src/main/AndroidManifest.xml:45:13-36
70            android:theme="@style/Theme.Complaint.NoActionBar" >
70-->src/main/AndroidManifest.xml:46:13-63
71            <intent-filter>
71-->src/main/AndroidManifest.xml:47:13-51:29
72                <action android:name="android.intent.action.MAIN" />
72-->src/main/AndroidManifest.xml:48:17-69
72-->src/main/AndroidManifest.xml:48:25-66
73
74                <category android:name="android.intent.category.LAUNCHER" />
74-->src/main/AndroidManifest.xml:50:17-77
74-->src/main/AndroidManifest.xml:50:27-74
75            </intent-filter>
76        </activity>
77
78        <provider
79            android:name="androidx.core.content.FileProvider"
79-->src/main/AndroidManifest.xml:54:13-62
80            android:authorities="com.macamp.complaint.provider"
80-->src/main/AndroidManifest.xml:55:13-60
81            android:exported="false"
81-->src/main/AndroidManifest.xml:56:13-37
82            android:grantUriPermissions="true" >
82-->src/main/AndroidManifest.xml:57:13-47
83            <meta-data
83-->src/main/AndroidManifest.xml:58:13-60:58
84                android:name="android.support.FILE_PROVIDER_PATHS"
84-->src/main/AndroidManifest.xml:59:17-67
85                android:resource="@xml/provider_paths" />
85-->src/main/AndroidManifest.xml:60:17-55
86        </provider>
87
88        <activity
88-->[com.github.dhaval2404:imagepicker:2.1] AndroidManifest.xml:22:9-25:68
89            android:name="com.github.dhaval2404.imagepicker.ImagePickerActivity"
89-->[com.github.dhaval2404:imagepicker:2.1] AndroidManifest.xml:23:13-81
90            android:screenOrientation="unspecified"
90-->[com.github.dhaval2404:imagepicker:2.1] AndroidManifest.xml:24:13-52
91            android:theme="@style/Theme.Transparent.ImagePicker" />
91-->[com.github.dhaval2404:imagepicker:2.1] AndroidManifest.xml:25:13-65
92        <activity
92-->[com.github.dhaval2404:imagepicker:2.1] AndroidManifest.xml:26:9-29:72
93            android:name="com.yalantis.ucrop.UCropActivity"
93-->[com.github.dhaval2404:imagepicker:2.1] AndroidManifest.xml:27:13-60
94            android:screenOrientation="portrait"
94-->[com.github.dhaval2404:imagepicker:2.1] AndroidManifest.xml:28:13-49
95            android:theme="@style/Theme.AppCompat.Light.NoActionBar" />
95-->[com.github.dhaval2404:imagepicker:2.1] AndroidManifest.xml:29:13-69
96
97        <provider
97-->[com.github.dhaval2404:imagepicker:2.1] AndroidManifest.xml:31:9-39:20
98            android:name="com.github.dhaval2404.imagepicker.ImagePickerFileProvider"
98-->[com.github.dhaval2404:imagepicker:2.1] AndroidManifest.xml:32:13-85
99            android:authorities="com.macamp.complaint.imagepicker.provider"
99-->[com.github.dhaval2404:imagepicker:2.1] AndroidManifest.xml:33:13-72
100            android:exported="false"
100-->[com.github.dhaval2404:imagepicker:2.1] AndroidManifest.xml:34:13-37
101            android:grantUriPermissions="true" >
101-->[com.github.dhaval2404:imagepicker:2.1] AndroidManifest.xml:35:13-47
102            <meta-data
102-->src/main/AndroidManifest.xml:58:13-60:58
103                android:name="android.support.FILE_PROVIDER_PATHS"
103-->src/main/AndroidManifest.xml:59:17-67
104                android:resource="@xml/image_picker_provider_paths" />
104-->src/main/AndroidManifest.xml:60:17-55
105        </provider>
106
107        <service
107-->[com.google.firebase:firebase-messaging-ktx:23.0.0] AndroidManifest.xml:26:9-32:19
108            android:name="com.google.firebase.components.ComponentDiscoveryService"
108-->[com.google.firebase:firebase-messaging-ktx:23.0.0] AndroidManifest.xml:27:13-84
109            android:directBootAware="true"
109-->[com.google.firebase:firebase-common:20.0.0] AndroidManifest.xml:35:13-43
110            android:exported="false" >
110-->[com.google.firebase:firebase-messaging-ktx:23.0.0] AndroidManifest.xml:28:13-37
111            <meta-data
111-->[com.google.firebase:firebase-messaging-ktx:23.0.0] AndroidManifest.xml:29:13-31:85
112                android:name="com.google.firebase.components:com.google.firebase.messaging.ktx.FirebaseMessagingKtxRegistrar"
112-->[com.google.firebase:firebase-messaging-ktx:23.0.0] AndroidManifest.xml:30:17-126
113                android:value="com.google.firebase.components.ComponentRegistrar" />
113-->[com.google.firebase:firebase-messaging-ktx:23.0.0] AndroidManifest.xml:31:17-82
114            <meta-data
114-->[com.google.firebase:firebase-common-ktx:20.0.0] AndroidManifest.xml:15:13-17:85
115                android:name="com.google.firebase.components:com.google.firebase.ktx.FirebaseCommonKtxRegistrar"
115-->[com.google.firebase:firebase-common-ktx:20.0.0] AndroidManifest.xml:16:17-113
116                android:value="com.google.firebase.components.ComponentRegistrar" />
116-->[com.google.firebase:firebase-common-ktx:20.0.0] AndroidManifest.xml:17:17-82
117            <meta-data
117-->[com.google.firebase:firebase-messaging:23.0.0] AndroidManifest.xml:52:13-54:85
118                android:name="com.google.firebase.components:com.google.firebase.messaging.FirebaseMessagingRegistrar"
118-->[com.google.firebase:firebase-messaging:23.0.0] AndroidManifest.xml:53:17-119
119                android:value="com.google.firebase.components.ComponentRegistrar" />
119-->[com.google.firebase:firebase-messaging:23.0.0] AndroidManifest.xml:54:17-82
120            <meta-data
120-->[com.google.firebase:firebase-datatransport:18.0.0] AndroidManifest.xml:28:13-30:85
121                android:name="com.google.firebase.components:com.google.firebase.datatransport.TransportRegistrar"
121-->[com.google.firebase:firebase-datatransport:18.0.0] AndroidManifest.xml:29:17-115
122                android:value="com.google.firebase.components.ComponentRegistrar" />
122-->[com.google.firebase:firebase-datatransport:18.0.0] AndroidManifest.xml:30:17-82
123            <meta-data
123-->[com.google.firebase:firebase-installations:17.0.0] AndroidManifest.xml:18:13-20:85
124                android:name="com.google.firebase.components:com.google.firebase.installations.FirebaseInstallationsRegistrar"
124-->[com.google.firebase:firebase-installations:17.0.0] AndroidManifest.xml:19:17-127
125                android:value="com.google.firebase.components.ComponentRegistrar" />
125-->[com.google.firebase:firebase-installations:17.0.0] AndroidManifest.xml:20:17-82
126        </service>
127
128        <receiver
128-->[com.google.firebase:firebase-messaging:23.0.0] AndroidManifest.xml:28:9-35:20
129            android:name="com.google.firebase.iid.FirebaseInstanceIdReceiver"
129-->[com.google.firebase:firebase-messaging:23.0.0] AndroidManifest.xml:29:13-78
130            android:exported="true"
130-->[com.google.firebase:firebase-messaging:23.0.0] AndroidManifest.xml:30:13-36
131            android:permission="com.google.android.c2dm.permission.SEND" >
131-->[com.google.firebase:firebase-messaging:23.0.0] AndroidManifest.xml:31:13-73
132            <intent-filter>
132-->[com.google.firebase:firebase-messaging:23.0.0] AndroidManifest.xml:32:13-34:29
133                <action android:name="com.google.android.c2dm.intent.RECEIVE" />
133-->[com.google.firebase:firebase-messaging:23.0.0] AndroidManifest.xml:33:17-81
133-->[com.google.firebase:firebase-messaging:23.0.0] AndroidManifest.xml:33:25-78
134            </intent-filter>
135        </receiver>
136        <!--
137             FirebaseMessagingService performs security checks at runtime,
138             but set to not exported to explicitly avoid allowing another app to call it.
139        -->
140        <service
140-->[com.google.firebase:firebase-messaging:23.0.0] AndroidManifest.xml:41:9-48:19
141            android:name="com.google.firebase.messaging.FirebaseMessagingService"
141-->[com.google.firebase:firebase-messaging:23.0.0] AndroidManifest.xml:42:13-82
142            android:directBootAware="true"
142-->[com.google.firebase:firebase-messaging:23.0.0] AndroidManifest.xml:43:13-43
143            android:exported="false" >
143-->[com.google.firebase:firebase-messaging:23.0.0] AndroidManifest.xml:44:13-37
144            <intent-filter android:priority="-500" >
144-->src/main/AndroidManifest.xml:22:13-24:29
144-->src/main/AndroidManifest.xml:22:28-48
145                <action android:name="com.google.firebase.MESSAGING_EVENT" />
145-->src/main/AndroidManifest.xml:23:17-78
145-->src/main/AndroidManifest.xml:23:25-75
146            </intent-filter>
147        </service>
148
149        <provider
149-->[com.google.firebase:firebase-common:20.0.0] AndroidManifest.xml:26:9-31:39
150            android:name="com.google.firebase.provider.FirebaseInitProvider"
150-->[com.google.firebase:firebase-common:20.0.0] AndroidManifest.xml:27:13-77
151            android:authorities="com.macamp.complaint.firebaseinitprovider"
151-->[com.google.firebase:firebase-common:20.0.0] AndroidManifest.xml:28:13-72
152            android:directBootAware="true"
152-->[com.google.firebase:firebase-common:20.0.0] AndroidManifest.xml:29:13-43
153            android:exported="false"
153-->[com.google.firebase:firebase-common:20.0.0] AndroidManifest.xml:30:13-37
154            android:initOrder="100" />
154-->[com.google.firebase:firebase-common:20.0.0] AndroidManifest.xml:31:13-36
155
156        <meta-data
156-->[com.google.android.gms:play-services-basement:17.2.1] AndroidManifest.xml:23:9-25:69
157            android:name="com.google.android.gms.version"
157-->[com.google.android.gms:play-services-basement:17.2.1] AndroidManifest.xml:24:13-58
158            android:value="@integer/google_play_services_version" />
158-->[com.google.android.gms:play-services-basement:17.2.1] AndroidManifest.xml:25:13-66
159
160        <provider
160-->[androidx.emoji2:emoji2:1.0.0] AndroidManifest.xml:26:9-34:20
161            android:name="androidx.startup.InitializationProvider"
161-->[androidx.emoji2:emoji2:1.0.0] AndroidManifest.xml:27:13-67
162            android:authorities="com.macamp.complaint.androidx-startup"
162-->[androidx.emoji2:emoji2:1.0.0] AndroidManifest.xml:28:13-68
163            android:exported="false" >
163-->[androidx.emoji2:emoji2:1.0.0] AndroidManifest.xml:29:13-37
164            <meta-data
164-->[androidx.emoji2:emoji2:1.0.0] AndroidManifest.xml:31:13-33:52
165                android:name="androidx.emoji2.text.EmojiCompatInitializer"
165-->[androidx.emoji2:emoji2:1.0.0] AndroidManifest.xml:32:17-75
166                android:value="androidx.startup" />
166-->[androidx.emoji2:emoji2:1.0.0] AndroidManifest.xml:33:17-49
167            <meta-data
167-->[androidx.lifecycle:lifecycle-process:2.4.0] AndroidManifest.xml:31:13-33:52
168                android:name="androidx.lifecycle.ProcessLifecycleInitializer"
168-->[androidx.lifecycle:lifecycle-process:2.4.0] AndroidManifest.xml:32:17-78
169                android:value="androidx.startup" />
169-->[androidx.lifecycle:lifecycle-process:2.4.0] AndroidManifest.xml:33:17-49
170        </provider>
171
172        <service
172-->[com.google.android.datatransport:transport-backend-cct:3.0.0] AndroidManifest.xml:29:9-35:19
173            android:name="com.google.android.datatransport.runtime.backends.TransportBackendDiscovery"
173-->[com.google.android.datatransport:transport-backend-cct:3.0.0] AndroidManifest.xml:30:13-103
174            android:exported="false" >
174-->[com.google.android.datatransport:transport-backend-cct:3.0.0] AndroidManifest.xml:31:13-37
175            <meta-data
175-->[com.google.android.datatransport:transport-backend-cct:3.0.0] AndroidManifest.xml:32:13-34:39
176                android:name="backend:com.google.android.datatransport.cct.CctBackendFactory"
176-->[com.google.android.datatransport:transport-backend-cct:3.0.0] AndroidManifest.xml:33:17-94
177                android:value="cct" />
177-->[com.google.android.datatransport:transport-backend-cct:3.0.0] AndroidManifest.xml:34:17-36
178        </service>
179        <service
179-->[com.google.android.datatransport:transport-runtime:3.0.0] AndroidManifest.xml:26:9-30:19
180            android:name="com.google.android.datatransport.runtime.scheduling.jobscheduling.JobInfoSchedulerService"
180-->[com.google.android.datatransport:transport-runtime:3.0.0] AndroidManifest.xml:27:13-117
181            android:exported="false"
181-->[com.google.android.datatransport:transport-runtime:3.0.0] AndroidManifest.xml:28:13-37
182            android:permission="android.permission.BIND_JOB_SERVICE" >
182-->[com.google.android.datatransport:transport-runtime:3.0.0] AndroidManifest.xml:29:13-69
183        </service>
184
185        <receiver
185-->[com.google.android.datatransport:transport-runtime:3.0.0] AndroidManifest.xml:32:9-34:40
186            android:name="com.google.android.datatransport.runtime.scheduling.jobscheduling.AlarmManagerSchedulerBroadcastReceiver"
186-->[com.google.android.datatransport:transport-runtime:3.0.0] AndroidManifest.xml:33:13-132
187            android:exported="false" />
187-->[com.google.android.datatransport:transport-runtime:3.0.0] AndroidManifest.xml:34:13-37
188    </application>
189
190</manifest>